31 мая 2022 23:33:20,931  INFO LRULogger - COLLECTED, USED : 91411968, LASTCOLLECTED : 0
31 мая 2022 23:33:31,931  INFO LRULogger - ADJUST COLLECTED : 91411968 UPAVERAGE : 880803840, DOWNAVERAGE : 629145600
31 мая 2022 23:33:31,931  INFO LRULogger - INC MULTI 1.1
01 июн. 2022 00:19:20,923  INFO LRULogger - COLLECTED, USED : 95420416, LASTCOLLECTED : 0
01 июн. 2022 00:19:31,928  INFO LRULogger - ADJUST COLLECTED : 95420416 UPAVERAGE : 880803840, DOWNAVERAGE : 629145600
01 июн. 2022 00:19:31,928  INFO LRULogger - INC MULTI 1.1
01 июн. 2022 00:20:52,934  INFO LRULogger - COLLECTED, USED : 98821632, LASTCOLLECTED : 95420416
01 июн. 2022 00:21:03,922  INFO LRULogger - ADJUST COLLECTED : 98821632 UPAVERAGE : 880803840, DOWNAVERAGE : 629145600
01 июн. 2022 00:21:03,923  INFO LRULogger - INC MULTI 1.2100000000000002
01 июн. 2022 11:53:03,538  INFO LRULogger - COLLECTED, USED : 71965696, LASTCOLLECTED : 0
01 июн. 2022 11:53:14,532  INFO LRULogger - ADJUST COLLECTED : 71965696 UPAVERAGE : 880803840, DOWNAVERAGE : 629145600
01 июн. 2022 11:53:14,532  INFO LRULogger - INC MULTI 1.1
01 июн. 2022 12:37:38,741  INFO LRULogger - COLLECTED, USED : 73480192, LASTCOLLECTED : 0
01 июн. 2022 12:37:49,734  INFO LRULogger - ADJUST COLLECTED : 73480192 UPAVERAGE : 880803840, DOWNAVERAGE : 629145600
01 июн. 2022 12:37:49,734  INFO LRULogger - INC MULTI 1.1
01 июн. 2022 12:55:28,388  INFO LRULogger - COLLECTED, USED : 95856640, LASTCOLLECTED : 0
01 июн. 2022 12:55:39,381  INFO LRULogger - ADJUST COLLECTED : 95856640 UPAVERAGE : 880803840, DOWNAVERAGE : 629145600
01 июн. 2022 12:55:39,381  INFO LRULogger - INC MULTI 1.1
01 июн. 2022 13:09:52,873  INFO LRULogger - COLLECTED, USED : 91985920, LASTCOLLECTED : 0
01 июн. 2022 13:10:03,872  INFO LRULogger - ADJUST COLLECTED : 91985920 UPAVERAGE : 880803840, DOWNAVERAGE : 629145600
01 июн. 2022 13:10:03,872  INFO LRULogger - INC MULTI 1.1
01 июн. 2022 14:17:02,422  INFO LRULogger - COLLECTED, USED : 89116672, LASTCOLLECTED : 0
01 июн. 2022 14:17:13,417  INFO LRULogger - ADJUST COLLECTED : 89116672 UPAVERAGE : 880803840, DOWNAVERAGE : 629145600
01 июн. 2022 14:17:13,417  INFO LRULogger - INC MULTI 1.1
01 июн. 2022 16:05:47,508  INFO LRULogger - COLLECTED, USED : 91178496, LASTCOLLECTED : 0
01 июн. 2022 16:05:58,500  INFO LRULogger - ADJUST COLLECTED : 91178496 UPAVERAGE : 880803840, DOWNAVERAGE : 629145600
01 июн. 2022 16:05:58,500  INFO LRULogger - INC MULTI 1.1
01 июн. 2022 16:27:07,414  INFO LRULogger - COLLECTED, USED : 47877120, LASTCOLLECTED : 0
01 июн. 2022 16:27:18,406  INFO LRULogger - ADJUST COLLECTED : 47877120 UPAVERAGE : 880803840, DOWNAVERAGE : 629145600
01 июн. 2022 16:27:18,406  INFO LRULogger - INC MULTI 1.1
01 июн. 2022 17:20:49,670  INFO LRULogger - COLLECTED, USED : 91099136, LASTCOLLECTED : 0
01 июн. 2022 17:21:00,669  INFO LRULogger - ADJUST COLLECTED : 91099136 UPAVERAGE : 880803840, DOWNAVERAGE : 629145600
01 июн. 2022 17:21:00,669  INFO LRULogger - INC MULTI 1.1
01 июн. 2022 18:06:22,228  INFO LRULogger - COLLECTED, USED : 95007232, LASTCOLLECTED : 0
01 июн. 2022 18:06:33,226  INFO LRULogger - ADJUST COLLECTED : 95007232 UPAVERAGE : 880803840, DOWNAVERAGE : 629145600
01 июн. 2022 18:06:33,226  INFO LRULogger - INC MULTI 1.1
01 июн. 2022 18:11:16,833  INFO LRULogger - COLLECTED, USED : 90892800, LASTCOLLECTED : 0
01 июн. 2022 18:11:27,840  INFO LRULogger - ADJUST COLLECTED : 90892800 UPAVERAGE : 880803840, DOWNAVERAGE : 629145600
01 июн. 2022 18:11:27,840  INFO LRULogger - INC MULTI 1.1
01 июн. 2022 23:05:51,870  INFO LRULogger - COLLECTED, USED : 90009600, LASTCOLLECTED : 0
01 июн. 2022 23:06:02,874  INFO LRULogger - ADJUST COLLECTED : 90009600 UPAVERAGE : 880803840, DOWNAVERAGE : 629145600
01 июн. 2022 23:06:02,874  INFO LRULogger - INC MULTI 1.1
02 июн. 2022 16:19:35,353  INFO LRULogger - COLLECTED, USED : 92732928, LASTCOLLECTED : 0
02 июн. 2022 16:19:46,343  INFO LRULogger - ADJUST COLLECTED : 92732928 UPAVERAGE : 880803840, DOWNAVERAGE : 629145600
02 июн. 2022 16:19:46,344  INFO LRULogger - INC MULTI 1.1
03 июн. 2022 10:47:15,300  INFO LRULogger - COLLECTED, USED : 75980288, LASTCOLLECTED : 0
03 июн. 2022 10:47:26,304  INFO LRULogger - ADJUST COLLECTED : 75980288 UPAVERAGE : 880803840, DOWNAVERAGE : 629145600
03 июн. 2022 10:47:26,304  INFO LRULogger - INC MULTI 1.1
03 июн. 2022 10:49:46,877  INFO LRULogger - COLLECTED, USED : 92624384, LASTCOLLECTED : 0
03 июн. 2022 10:49:57,881  INFO LRULogger - ADJUST COLLECTED : 92624384 UPAVERAGE : 880803840, DOWNAVERAGE : 629145600
03 июн. 2022 10:49:57,881  INFO LRULogger - INC MULTI 1.1
03 июн. 2022 11:16:19,111  INFO LRULogger - COLLECTED, USED : 69285376, LASTCOLLECTED : 0
03 июн. 2022 11:16:30,106  INFO LRULogger - ADJUST COLLECTED : 69285376 UPAVERAGE : 880803840, DOWNAVERAGE : 629145600
03 июн. 2022 11:16:30,106  INFO LRULogger - INC MULTI 1.1
03 июн. 2022 11:19:23,347  INFO LRULogger - COLLECTED, USED : 92314112, LASTCOLLECTED : 0
03 июн. 2022 11:19:34,343  INFO LRULogger - ADJUST COLLECTED : 92314112 UPAVERAGE : 880803840, DOWNAVERAGE : 629145600
03 июн. 2022 11:19:34,343  INFO LRULogger - INC MULTI 1.1
03 июн. 2022 12:38:14,424  INFO LRULogger - COLLECTED, USED : 71677440, LASTCOLLECTED : 0
03 июн. 2022 12:38:25,430  INFO LRULogger - ADJUST COLLECTED : 71677440 UPAVERAGE : 880803840, DOWNAVERAGE : 629145600
03 июн. 2022 12:38:25,430  INFO LRULogger - INC MULTI 1.1
03 июн. 2022 13:09:02,791  INFO LRULogger - COLLECTED, USED : 91731968, LASTCOLLECTED : 0
03 июн. 2022 13:09:13,797  INFO LRULogger - ADJUST COLLECTED : 91731968 UPAVERAGE : 880803840, DOWNAVERAGE : 629145600
03 июн. 2022 13:09:13,797  INFO LRULogger - INC MULTI 1.1
03 июн. 2022 14:32:12,456  INFO LRULogger - COLLECTED, USED : 88080384, LASTCOLLECTED : 0
03 июн. 2022 14:32:23,459  INFO LRULogger - ADJUST COLLECTED : 88080384 UPAVERAGE : 880803840, DOWNAVERAGE : 629145600
03 июн. 2022 14:32:23,459  INFO LRULogger - INC MULTI 1.1
03 июн. 2022 15:43:29,041  INFO LRULogger - COLLECTED, USED : 97277440, LASTCOLLECTED : 0
03 июн. 2022 15:43:40,011  INFO LRULogger - ADJUST COLLECTED : 97277440 UPAVERAGE : 880803840, DOWNAVERAGE : 629145600
03 июн. 2022 15:43:40,011  INFO LRULogger - INC MULTI 1.1
03 июн. 2022 17:22:40,831  INFO LRULogger - COLLECTED, USED : 98759168, LASTCOLLECTED : 0
03 июн. 2022 17:28:39,526  INFO LRULogger - COLLECTED, USED : 90536960, LASTCOLLECTED : 0
03 июн. 2022 17:28:50,532  INFO LRULogger - ADJUST COLLECTED : 90536960 UPAVERAGE : 880803840, DOWNAVERAGE : 629145600
03 июн. 2022 17:28:50,532  INFO LRULogger - INC MULTI 1.1
03 июн. 2022 18:10:23,689  INFO LRULogger - COLLECTED, USED : 74691584, LASTCOLLECTED : 0
03 июн. 2022 18:10:34,690  INFO LRULogger - ADJUST COLLECTED : 74691584 UPAVERAGE : 880803840, DOWNAVERAGE : 629145600
03 июн. 2022 18:10:34,690  INFO LRULogger - INC MULTI 1.1
03 июн. 2022 18:10:50,693  INFO LRULogger - COLLECTED, USED : 97210368, LASTCOLLECTED : 74691584
03 июн. 2022 18:11:01,695  INFO LRULogger - ADJUST COLLECTED : 97210368 UPAVERAGE : 880803840, DOWNAVERAGE : 629145600
03 июн. 2022 18:11:01,695  INFO LRULogger - INC MULTI 1.2100000000000002
03 июн. 2022 18:18:45,407  INFO LRULogger - COLLECTED, USED : 72568320, LASTCOLLECTED : 0
03 июн. 2022 18:25:26,932  INFO LRULogger - COLLECTED, USED : 54525952, LASTCOLLECTED : 0
03 июн. 2022 18:25:37,929  INFO LRULogger - ADJUST COLLECTED : 54525952 UPAVERAGE : 880803840, DOWNAVERAGE : 629145600
03 июн. 2022 18:25:37,929  INFO LRULogger - INC MULTI 1.1
03 июн. 2022 18:38:03,639  INFO LRULogger - COLLECTED, USED : 63499264, LASTCOLLECTED : 0
03 июн. 2022 18:38:14,636  INFO LRULogger - ADJUST COLLECTED : 63499264 UPAVERAGE : 880803840, DOWNAVERAGE : 629145600
03 июн. 2022 18:38:14,636  INFO LRULogger - INC MULTI 1.1
03 июн. 2022 18:52:07,677  INFO LRULogger - COLLECTED, USED : 101737472, LASTCOLLECTED : 0
03 июн. 2022 18:52:18,673  INFO LRULogger - ADJUST COLLECTED : 101737472 UPAVERAGE : 880803840, DOWNAVERAGE : 629145600
03 июн. 2022 18:52:18,674  INFO LRULogger - INC MULTI 1.1
03 июн. 2022 22:31:22,904  INFO LRULogger - COLLECTED, USED : 88595968, LASTCOLLECTED : 0
03 июн. 2022 22:31:33,903  INFO LRULogger - ADJUST COLLECTED : 88595968 UPAVERAGE : 880803840, DOWNAVERAGE : 629145600
03 июн. 2022 22:31:33,903  INFO LRULogger - INC MULTI 1.1
